#
# There is insufficient memory for the Java Runtime Environment to continue.
# Native memory allocation (mmap) failed to map 199229440 bytes for G1 virtual space
# Possible reasons:
#   The system is out of physical RAM or swap space
#   The process is running with CompressedOops enabled, and the Java Heap may be blocking the growth of the native heap
# Possible solutions:
#   Reduce memory load on the system
#   Increase physical memory or swap space
#   Check if swap backing store is full
#   Decrease Java heap size (-Xmx/-Xms)
#   Decrease number of Java threads
#   Decrease Java thread stack sizes (-Xss)
#   Set larger code cache with -XX:ReservedCodeCacheSize=
#   JVM is running with Zero Based Compressed Oops mode in which the Java heap is
#     placed in the first 32GB address space. The Java Heap base address is the
#     maximum limit for the native heap growth. Please use -XX:HeapBaseMinAddress
#     to set the Java Heap base and to place the Java Heap above 32GB virtual address.
# This output file may be truncated or incomplete.
#
#  Out of Memory Error (os_windows.cpp:3753), pid=15484, tid=16992
#
# JRE version:  (17.0.4.1+7) (build )
# Java VM: OpenJDK 64-Bit Server VM (17.0.4.1+7-b469.62, mixed mode, sharing, tiered, compressed oops, compressed class ptrs, g1 gc, windows-amd64)
# No core dump will be written. Minidumps are not enabled by default on client versions of Windows
#

---------------  S U M M A R Y ------------

Command Line: git4idea.http.GitAskPassApp Username for 'https://github.com': 

Host: Intel(R) Core(TM) i5-3210M CPU @ 2.50GHz, 4 cores, 11G,  Windows 10 , 64 bit Build 19041 (10.0.19041.1)
Time: Thu Dec  1 15:10:50 2022 RTZ 2 (s 10 , 64 bit Build 19041 (10.0.19041.1) elapsed time: 0.144262 seconds (0d 0h 0m 0s)

---------------  T H R E A D  ---------------

Current thread (0x000002043329e760):  JavaThread "Unknown thread" [_thread_in_vm, id=16992, stack(0x00000092a9200000,0x00000092a9300000)]

Stack: [0x00000092a9200000,0x00000092a9300000]
Native frames: (J=compiled Java code, j=interpreted, Vv=VM code, C=native code)
V  [jvm.dll+0x68356a]
V  [jvm.dll+0x83fab4]
V  [jvm.dll+0x84125e]
V  [jvm.dll+0x8418c3]
V  [jvm.dll+0x249735]
V  [jvm.dll+0x680439]
V  [jvm.dll+0x674a7a]
V  [jvm.dll+0x30956b]
V  [jvm.dll+0x310a26]
V  [jvm.dll+0x36089e]
V  [jvm.dll+0x360acf]
V  [jvm.dll+0x2df658]
V  [jvm.dll+0x2e05c4]
V  [jvm.dll+0x8112a1]
V  [jvm.dll+0x36e6f1]
V  [jvm.dll+0x7f076c]
V  [jvm.dll+0x3f180f]
V  [jvm.dll+0x3f3351]
C  [jli.dll+0x526b]
C  [ucrtbase.dll+0x21542]
C  [KERNEL32.DLL+0x16fd4]
C  [ntdll.dll+0x4cf31]


---------------  P R O C E S S  ---------------

Threads class SMR info:
_java_thread_list=0x00007ffb90bf7f58, length=0, elements={
}

Java Threads: ( => current thread )

Other Threads:
  0x00000204332f6a70 GCTaskThread "GC Thread#0" [stack: 0x00000092a9300000,0x00000092a9400000] [id=17820]
  0x0000020433303640 ConcurrentGCThread "G1 Main Marker" [stack: 0x00000092a9400000,0x00000092a9500000] [id=18008]
  0x00000204333047f0 ConcurrentGCThread "G1 Conc#0" [stack: 0x00000092a9500000,0x00000092a9600000] [id=13028]

[error occurred during error reporting (printing all threads), id 0xc0000005, EXCEPTION_ACCESS_VIOLATION (0xc0000005) at pc=0x00007ffb903b0217]

VM state: not at safepoint (not fully initialized)

VM Mutex/Monitor currently owned by a thread:  ([mutex/lock_event])
[0x000002043329b4e0] Heap_lock - owner thread: 0x000002043329e760

Heap address: 0x0000000743600000, size: 3018 MB, Compressed Oops mode: Zero based, Oop shift amount: 3

CDS archive(s) mapped at: [0x0000000000000000-0x0000000000000000-0x0000000000000000), size 0, SharedBaseAddress: 0x0000000800000000, ArchiveRelocationMode: 0.
Narrow klass base: 0x0000000000000000, Narrow klass shift: 0, Narrow klass range: 0x0

GC Precious Log:
<Empty>

Heap:
 garbage-first heap   total 0K, used 0K [0x0000000743600000, 0x0000000800000000)
  region size 2048K, 0 young (0K), 0 survivors (0K)

[error occurred during error reporting (printing heap information), id 0xc0000005, EXCEPTION_ACCESS_VIOLATION (0xc0000005) at pc=0x00007ffb9079d1f9]

GC Heap History (0 events):
No events

Deoptimization events (0 events):
No events

Classes unloaded (0 events):
No events

Classes redefined (0 events):
No events

Internal exceptions (0 events):
No events

VM Operations (0 events):
No events

Events (1 events):
Event: 0.116 Loaded shared library E:\intelij\IntelliJ IDEA 2022.2.3\jbr\bin\java.dll


Dynamic libraries:
0x00007ff608560000 - 0x00007ff60856a000 	E:\intelij\IntelliJ IDEA 2022.2.3\jbr\bin\java.exe
0x00007ffc08150000 - 0x00007ffc08344000 	C:\WINDOWS\SYSTEM32\ntdll.dll
0x00007ffc06eb0000 - 0x00007ffc06f6d000 	C:\WINDOWS\System32\KERNEL32.DLL
0x00007ffc05ee0000 - 0x00007ffc061a7000 	C:\WINDOWS\System32\KERNELBASE.dll
0x00007ffc05db0000 - 0x00007ffc05eb0000 	C:\WINDOWS\System32\ucrtbase.dll
0x00007ffbddcf0000 - 0x00007ffbddd07000 	E:\intelij\IntelliJ IDEA 2022.2.3\jbr\bin\jli.dll
0x00007ffc067d0000 - 0x00007ffc06970000 	C:\WINDOWS\System32\USER32.dll
0x00007ffc05eb0000 - 0x00007ffc05ed2000 	C:\WINDOWS\System32\win32u.dll
0x00007ffc06710000 - 0x00007ffc0673a000 	C:\WINDOWS\System32\GDI32.dll
0x00007ffc05930000 - 0x00007ffc05a3a000 	C:\WINDOWS\System32\gdi32full.dll
0x00007ffbdd210000 - 0x00007ffbdd22b000 	E:\intelij\IntelliJ IDEA 2022.2.3\jbr\bin\VCRUNTIME140.dll
0x00007ffc05890000 - 0x00007ffc0592d000 	C:\WINDOWS\System32\msvcp_win.dll
0x00007ffc04c60000 - 0x00007ffc04efa000 	C:\WINDOWS\WinSxS\amd64_microsoft.windows.common-controls_6595b64144ccf1df_6.0.19041.1_none_b555e41d4684ddec\COMCTL32.dll
0x00007ffc07ac0000 - 0x00007ffc07b5e000 	C:\WINDOWS\System32\msvcrt.dll
0x00007ffc06260000 - 0x00007ffc06290000 	C:\WINDOWS\System32\IMM32.DLL
0x00007ffc00d30000 - 0x00007ffc00d3c000 	E:\intelij\IntelliJ IDEA 2022.2.3\jbr\bin\vcruntime140_1.dll
0x00007ffba7ae0000 - 0x00007ffba7b6d000 	E:\intelij\IntelliJ IDEA 2022.2.3\jbr\bin\msvcp140.dll
0x00007ffb900c0000 - 0x00007ffb90d29000 	E:\intelij\IntelliJ IDEA 2022.2.3\jbr\bin\server\jvm.dll
0x00007ffc061b0000 - 0x00007ffc0625a000 	C:\WINDOWS\System32\ADVAPI32.dll
0x00007ffc06970000 - 0x00007ffc06a0b000 	C:\WINDOWS\System32\sechost.dll
0x00007ffc065d0000 - 0x00007ffc066f3000 	C:\WINDOWS\System32\RPCRT4.dll
0x00007ffc06b30000 - 0x00007ffc06b38000 	C:\WINDOWS\System32\PSAPI.DLL
0x00007ffbf5770000 - 0x00007ffbf5797000 	C:\WINDOWS\SYSTEM32\WINMM.dll
0x00007ffbf7850000 - 0x00007ffbf785a000 	C:\WINDOWS\SYSTEM32\VERSION.dll
0x00007ffbf5630000 - 0x00007ffbf5639000 	C:\WINDOWS\SYSTEM32\WSOCK32.dll
0x00007ffc07780000 - 0x00007ffc077eb000 	C:\WINDOWS\System32\WS2_32.dll
0x00007ffc03b30000 - 0x00007ffc03b43000 	C:\WINDOWS\SYSTEM32\kernel.appcore.dll
0x00007ffbfe900000 - 0x00007ffbfe90a000 	E:\intelij\IntelliJ IDEA 2022.2.3\jbr\bin\jimage.dll
0x00007ffc052f0000 - 0x00007ffc054d4000 	C:\WINDOWS\SYSTEM32\DBGHELP.DLL
0x00007ffc051a0000 - 0x00007ffc051cc000 	C:\WINDOWS\SYSTEM32\dbgcore.DLL
0x00007ffc05ba0000 - 0x00007ffc05c1f000 	C:\WINDOWS\System32\bcryptPrimitives.dll
0x00007ffbfe7f0000 - 0x00007ffbfe815000 	E:\intelij\IntelliJ IDEA 2022.2.3\jbr\bin\java.dll

dbghelp: loaded successfully - version: 4.0.5 - missing functions: none
symbol engine: initialized successfully - sym options: 0x614 - pdb path: .;E:\intelij\IntelliJ IDEA 2022.2.3\jbr\bin;C:\WINDOWS\SYSTEM32;C:\WINDOWS\WinSxS\amd64_microsoft.windows.common-controls_6595b64144ccf1df_6.0.19041.1_none_b555e41d4684ddec;E:\intelij\IntelliJ IDEA 2022.2.3\jbr\bin\server

VM Arguments:
java_command: git4idea.http.GitAskPassApp Username for 'https://github.com': 
java_class_path (initial): E:/intelij/IntelliJ IDEA 2022.2.3/plugins/git4idea/lib/git4idea-rt.jar;E:/intelij/IntelliJ IDEA 2022.2.3/lib/externalProcess-rt.jar;E:/intelij/IntelliJ IDEA 2022.2.3/lib/app.jar;E:/intelij/IntelliJ IDEA 2022.2.3/lib/3rd-party-rt.jar
Launcher Type: SUN_STANDARD

[Global flags]
     intx CICompilerCount                          = 3                                         {product} {ergonomic}
     uint ConcGCThreads                            = 1                                         {product} {ergonomic}
     uint G1ConcRefinementThreads                  = 4                                         {product} {ergonomic}
   size_t G1HeapRegionSize                         = 2097152                                   {product} {ergonomic}
    uintx GCDrainStackTargetSize                   = 64                                        {product} {ergonomic}
   size_t InitialHeapSize                          = 199229440                                 {product} {ergonomic}
   size_t MarkStackSize                            = 4194304                                   {product} {ergonomic}
   size_t MaxHeapSize                              = 3164602368                                {product} {ergonomic}
   size_t MinHeapDeltaBytes                        = 2097152                                   {product} {ergonomic}
   size_t MinHeapSize                              = 8388608                                   {product} {ergonomic}
    uintx NonNMethodCodeHeapSize                   = 5832780                                {pd product} {ergonomic}
    uintx NonProfiledCodeHeapSize                  = 122912730                              {pd product} {ergonomic}
    uintx ProfiledCodeHeapSize                     = 122912730                              {pd product} {ergonomic}
    uintx ReservedCodeCacheSize                    = 251658240                              {pd product} {ergonomic}
     bool SegmentedCodeCache                       = true                                      {product} {ergonomic}
   size_t SoftMaxHeapSize                          = 3164602368                             {manageable} {ergonomic}
     bool UseCompressedClassPointers               = true                           {product lp64_product} {ergonomic}
     bool UseCompressedOops                        = true                           {product lp64_product} {ergonomic}
     bool UseG1GC                                  = true                                      {product} {ergonomic}
     bool UseLargePagesIndividualAllocation        = false                                  {pd product} {ergonomic}

Logging:
Log output configuration:
 #0: stdout all=warning uptime,level,tags
 #1: stderr all=off uptime,level,tags

Environment Variables:
JAVA_HOME=C:\Program Files\Java\jdk-17.0.4.1
PATH=C:/Program Files/Git/mingw64/libexec/git-core;C:/Program Files/Git/mingw64/libexec/git-core;C:\Program Files\Git\mingw64\bin;C:\Program Files\Git\usr\bin;C:\Users\Builder\bin;C:\Program Files\Common Files\Oracle\Java\javapath;C:\Program Files (x86)\Common Files\Oracle\Java\javapath;C:\ProgramData\Oracle\Java\javapath;C:\WINDOWS\system32;C:\WINDOWS;C:\WINDOWS\System32\Wbem;C:\WINDOWS\System32\WindowsPowerShell\v1.0\;C:\WINDOWS\System32\OpenSSH\;C:\Program Files\PuTTY\;C:\Program Files (x86)\AOMEI Backupper;C:\Program Files\dotnet\;C:\Program Files\Microsoft SQL Server\130\Tools\Binn\;C:\Program Files\Microsoft SQL Server\Client SDK\ODBC\170\Tools\Binn\;C:\Program Files\Microsoft SQL Server\Client SDK\ODBC\130\Tools\Binn\;C:\Program Files (x86)\Microsoft SQL Server\140\Tools\Binn\;C:\Program Files\Microsoft SQL Server\140\Tools\Binn\;C:\Program Files\Microsoft SQL Server\140\DTS\Binn\;C:\Program Files (x86)\Microsoft SQL Server\Client SDK\ODBC\130\Tools\Binn\;C:\Program Files (x86)\Microsoft SQL Server\140\DTS\Binn\;C:\Program Files (x86)\Microsoft SQL Server\140\Tools\Binn\ManagementStudio\;C:\Program Files (x86)\dotnet\;C:\Program Files (x86)\Microsoft SQL Server\150\DTS\Binn\;C:\Program Files\Azure Data Studio\bin;C:\Program Files\Git\cmd;D:\Profile\Documents\apache-maven-3.8.6\bin;C:\Program Files\nodejs\;C:\Users\Builder\AppData\Local\Microsoft\WindowsApps;C:\Program Files\Azure Data Studio\bin;C:\Users\Builder\AppData\Local\Programs\Microsoft VS Code\bin;C:\Users\Builder\.dotnet\tools;D:\Profile\Documents\apache-maven-3.8.6\bin;C:\Users\Builder\AppData\Roaming\npm
USERNAME=Builder
DISPLAY=:0.0
LC_ALL=en_US.UTF-8
TERM=cygwin
TMPDIR=C:\Users\Builder\AppData\Local\Temp
OS=Windows_NT
PROCESSOR_IDENTIFIER=Intel64 Family 6 Model 58 Stepping 9, GenuineIntel
TMP=C:\Users\Builder\AppData\Local\Temp
TEMP=C:\Users\Builder\AppData\Local\Temp



---------------  S Y S T E M  ---------------

OS:
 Windows 10 , 64 bit Build 19041 (10.0.19041.1)
OS uptime: 1 days 1:56 hours

CPU: total 4 (initial active 4) (2 cores per cpu, 2 threads per core) family 6 model 58 stepping 9 microcode 0x21, cx8, cmov, fxsr, ht, mmx, sse, sse2, sse3, ssse3, sse4.1, sse4.2, popcnt, tsc, tscinvbit, avx, aes, erms, clmul, vzeroupper, clflush

Memory: 4k page, system-wide physical 12069M (1971M free)
TotalPageFile size 14269M (AvailPageFile size 176M)
current process WorkingSet (physical memory assigned to process): 10M, peak: 10M
current process commit charge ("private bytes"): 51M, peak: 241M

vm_info: OpenJDK 64-Bit Server VM (17.0.4.1+7-b469.62) for windows-amd64 JRE (17.0.4.1+7-b469.62), built on 2022-09-22 by "builduser" with MS VC++ 16.10 / 16.11 (VS2019)

END.
