#
# There is insufficient memory for the Java Runtime Environment to continue.
# Native memory allocation (mmap) failed to map 199229440 bytes for G1 virtual space
# Possible reasons:
#   The system is out of physical RAM or swap space
#   The process is running with CompressedOops enabled, and the Java Heap may be blocking the growth of the native heap
# Possible solutions:
#   Reduce memory load on the system
#   Increase physical memory or swap space
#   Check if swap backing store is full
#   Decrease Java heap size (-Xmx/-Xms)
#   Decrease number of Java threads
#   Decrease Java thread stack sizes (-Xss)
#   Set larger code cache with -XX:ReservedCodeCacheSize=
#   JVM is running with Zero Based Compressed Oops mode in which the Java heap is
#     placed in the first 32GB address space. The Java Heap base address is the
#     maximum limit for the native heap growth. Please use -XX:HeapBaseMinAddress
#     to set the Java Heap base and to place the Java Heap above 32GB virtual address.
# This output file may be truncated or incomplete.
#
#  Out of Memory Error (os_windows.cpp:3535), pid=7588, tid=8208
#
# JRE version:  (17.0.4.1+1) (build )
# Java VM: Java HotSpot(TM) 64-Bit Server VM (17.0.4.1+1-LTS-2, mixed mode, emulated-client, sharing, tiered, compressed oops, compressed class ptrs, g1 gc, windows-amd64)
# No core dump will be written. Minidumps are not enabled by default on client versions of Windows
#

---------------  S U M M A R Y ------------

Command Line: -XX:TieredStopAtLevel=1 -Dspring.output.ansi.enabled=always -Dcom.sun.management.jmxremote -Dspring.jmx.enabled=true -Dspring.liveBeansView.mbeanDomain -Dspring.application.admin.enabled=true -javaagent:E:\intelij\IntelliJ IDEA 2022.2.3\lib\idea_rt.jar=51236:E:\intelij\IntelliJ IDEA 2022.2.3\bin -Dfile.encoding=UTF-8 com.example.begin.BeginApplication

Host: Intel(R) Core(TM) i5-3210M CPU @ 2.50GHz, 4 cores, 11G,  Windows 10 , 64 bit Build 19041 (10.0.19041.1)
Time: Fri Feb  3 23:50:41 2023 RTZ 2 (s 10 , 64 bit Build 19041 (10.0.19041.1) elapsed time: 0.045324 seconds (0d 0h 0m 0s)

---------------  T H R E A D  ---------------

Current thread (0x000002359104a0e0):  JavaThread "Unknown thread" [_thread_in_vm, id=8208, stack(0x00000098afe00000,0x00000098aff00000)]

Stack: [0x00000098afe00000,0x00000098aff00000]
Native frames: (J=compiled Java code, j=interpreted, Vv=VM code, C=native code)
V  [jvm.dll+0x6723ba]
V  [jvm.dll+0x7d1e34]
V  [jvm.dll+0x7d35de]
V  [jvm.dll+0x7d3c43]
V  [jvm.dll+0x243065]
V  [jvm.dll+0x66f2d9]
V  [jvm.dll+0x663c22]
V  [jvm.dll+0x3011cb]
V  [jvm.dll+0x308766]
V  [jvm.dll+0x35846e]
V  [jvm.dll+0x35869f]
V  [jvm.dll+0x2d83e8]
V  [jvm.dll+0x2d9354]
V  [jvm.dll+0x7a3911]
V  [jvm.dll+0x3662c1]
V  [jvm.dll+0x782d7c]
V  [jvm.dll+0x3e8c1f]
V  [jvm.dll+0x3ea6c1]
C  [jli.dll+0x527b]
C  [ucrtbase.dll+0x21542]
C  [KERNEL32.DLL+0x16fd4]
C  [ntdll.dll+0x4cf31]


---------------  P R O C E S S  ---------------

Threads class SMR info:
_java_thread_list=0x00007ff89267a858, length=0, elements={
}

Java Threads: ( => current thread )

Other Threads:
  0x00000235910a1760 GCTaskThread "GC Thread#0" [stack: 0x00000098aff00000,0x00000098b0000000] [id=9512]
  0x00000235910ae330 ConcurrentGCThread "G1 Main Marker" [stack: 0x00000098b0000000,0x00000098b0100000] [id=9420]
  0x00000235910aed40 ConcurrentGCThread "G1 Conc#0" [stack: 0x00000098b0100000,0x00000098b0200000] [id=10520]

[error occurred during error reporting (printing all threads), id 0xc0000005, EXCEPTION_ACCESS_VIOLATION (0xc0000005) at pc=0x00007ff891ec8dd7]

VM state: not at safepoint (not fully initialized)

VM Mutex/Monitor currently owned by a thread:  ([mutex/lock_event])
[0x0000023591046990] Heap_lock - owner thread: 0x000002359104a0e0

Heap address: 0x0000000743600000, size: 3018 MB, Compressed Oops mode: Zero based, Oop shift amount: 3

CDS archive(s) mapped at: [0x0000000000000000-0x0000000000000000-0x0000000000000000), size 0, SharedBaseAddress: 0x0000000800000000, ArchiveRelocationMode: 0.
Narrow klass base: 0x0000000000000000, Narrow klass shift: 0, Narrow klass range: 0x0

GC Precious Log:
<Empty>

Heap:
 garbage-first heap   total 0K, used 0K [0x0000000743600000, 0x0000000800000000)
  region size 2048K, 0 young (0K), 0 survivors (0K)

[error occurred during error reporting (printing heap information), id 0xc0000005, EXCEPTION_ACCESS_VIOLATION (0xc0000005) at pc=0x00007ff8922ab869]

GC Heap History (0 events):
No events

Deoptimization events (0 events):
No events

Classes unloaded (0 events):
No events

Classes redefined (0 events):
No events

Internal exceptions (0 events):
No events

VM Operations (0 events):
No events

Events (1 events):
Event: 0.024 Loaded shared library C:\Program Files\Java\jdk-17.0.4.1\bin\java.dll


Dynamic libraries:
0x00007ff64bcc0000 - 0x00007ff64bcd0000 	C:\Program Files\Java\jdk-17.0.4.1\bin\java.exe
0x00007ff8ec9f0000 - 0x00007ff8ecbe4000 	C:\WINDOWS\SYSTEM32\ntdll.dll
0x00007ff8eabe0000 - 0x00007ff8eac9d000 	C:\WINDOWS\System32\KERNEL32.DLL
0x00007ff8ea340000 - 0x00007ff8ea607000 	C:\WINDOWS\System32\KERNELBASE.dll
0x00007ff8ea690000 - 0x00007ff8ea790000 	C:\WINDOWS\System32\ucrtbase.dll
0x00007ff8d8c60000 - 0x00007ff8d8c7a000 	C:\Program Files\Java\jdk-17.0.4.1\bin\VCRUNTIME140.dll
0x00007ff8d9060000 - 0x00007ff8d9078000 	C:\Program Files\Java\jdk-17.0.4.1\bin\jli.dll
0x00007ff8eae40000 - 0x00007ff8eaeea000 	C:\WINDOWS\System32\ADVAPI32.dll
0x00007ff8eada0000 - 0x00007ff8eae3e000 	C:\WINDOWS\System32\msvcrt.dll
0x00007ff8ead00000 - 0x00007ff8ead9b000 	C:\WINDOWS\System32\sechost.dll
0x00007ff8eb880000 - 0x00007ff8eb9a3000 	C:\WINDOWS\System32\RPCRT4.dll
0x00007ff8eb9e0000 - 0x00007ff8ebb80000 	C:\WINDOWS\System32\USER32.dll
0x00007ff8ea310000 - 0x00007ff8ea332000 	C:\WINDOWS\System32\win32u.dll
0x00007ff8eabb0000 - 0x00007ff8eabda000 	C:\WINDOWS\System32\GDI32.dll
0x00007ff8e9530000 - 0x00007ff8e97ca000 	C:\WINDOWS\WinSxS\amd64_microsoft.windows.common-controls_6595b64144ccf1df_6.0.19041.1_none_b555e41d4684ddec\COMCTL32.dll
0x00007ff8ea8f0000 - 0x00007ff8ea9fa000 	C:\WINDOWS\System32\gdi32full.dll
0x00007ff8ea270000 - 0x00007ff8ea30d000 	C:\WINDOWS\System32\msvcp_win.dll
0x00007ff8dc550000 - 0x00007ff8dc55a000 	C:\WINDOWS\SYSTEM32\VERSION.dll
0x00007ff8eb9b0000 - 0x00007ff8eb9e0000 	C:\WINDOWS\System32\IMM32.DLL
0x00007ff8da050000 - 0x00007ff8da05c000 	C:\Program Files\Java\jdk-17.0.4.1\bin\vcruntime140_1.dll
0x00007ff8b0a20000 - 0x00007ff8b0aad000 	C:\Program Files\Java\jdk-17.0.4.1\bin\msvcp140.dll
0x00007ff891be0000 - 0x00007ff8927a2000 	C:\Program Files\Java\jdk-17.0.4.1\bin\server\jvm.dll
0x00007ff8eb7b0000 - 0x00007ff8eb7b8000 	C:\WINDOWS\System32\PSAPI.DLL
0x00007ff8da740000 - 0x00007ff8da749000 	C:\WINDOWS\SYSTEM32\WSOCK32.dll
0x00007ff8eb170000 - 0x00007ff8eb1db000 	C:\WINDOWS\System32\WS2_32.dll
0x00007ff8d9f20000 - 0x00007ff8d9f47000 	C:\WINDOWS\SYSTEM32\WINMM.dll
0x00007ff8e83d0000 - 0x00007ff8e83e3000 	C:\WINDOWS\SYSTEM32\kernel.appcore.dll
0x00007ff8d83c0000 - 0x00007ff8d83ca000 	C:\Program Files\Java\jdk-17.0.4.1\bin\jimage.dll
0x00007ff8e9a10000 - 0x00007ff8e9bf4000 	C:\WINDOWS\SYSTEM32\DBGHELP.DLL
0x00007ff8e9900000 - 0x00007ff8e992c000 	C:\WINDOWS\SYSTEM32\dbgcore.DLL
0x00007ff8ea610000 - 0x00007ff8ea68f000 	C:\WINDOWS\System32\bcryptPrimitives.dll
0x00007ff8da130000 - 0x00007ff8da13e000 	C:\Program Files\Java\jdk-17.0.4.1\bin\instrument.dll
0x00007ff8d8380000 - 0x00007ff8d83a5000 	C:\Program Files\Java\jdk-17.0.4.1\bin\java.dll

dbghelp: loaded successfully - version: 4.0.5 - missing functions: none
symbol engine: initialized successfully - sym options: 0x614 - pdb path: .;C:\Program Files\Java\jdk-17.0.4.1\bin;C:\WINDOWS\SYSTEM32;C:\WINDOWS\WinSxS\amd64_microsoft.windows.common-controls_6595b64144ccf1df_6.0.19041.1_none_b555e41d4684ddec;C:\Program Files\Java\jdk-17.0.4.1\bin\server

VM Arguments:
jvm_args: -XX:TieredStopAtLevel=1 -Dspring.output.ansi.enabled=always -Dcom.sun.management.jmxremote -Dspring.jmx.enabled=true -Dspring.liveBeansView.mbeanDomain -Dspring.application.admin.enabled=true -javaagent:E:\intelij\IntelliJ IDEA 2022.2.3\lib\idea_rt.jar=51236:E:\intelij\IntelliJ IDEA 2022.2.3\bin -Dfile.encoding=UTF-8 
java_command: com.example.begin.BeginApplication
java_class_path (initial): C:\Users\Builder\Spring\cursedp4\target\classes;C:\Users\Builder\.m2\repository\org\springframework\boot\spring-boot-starter-thymeleaf\2.7.5\spring-boot-starter-thymeleaf-2.7.5.jar;C:\Users\Builder\.m2\repository\org\springframework\boot\spring-boot-starter\2.7.5\spring-boot-starter-2.7.5.jar;C:\Users\Builder\.m2\repository\org\springframework\boot\spring-boot-starter-logging\2.7.5\spring-boot-starter-logging-2.7.5.jar;C:\Users\Builder\.m2\repository\ch\qos\logback\logback-classic\1.2.11\logback-classic-1.2.11.jar;C:\Users\Builder\.m2\repository\ch\qos\logback\logback-core\1.2.11\logback-core-1.2.11.jar;C:\Users\Builder\.m2\repository\org\apache\logging\log4j\log4j-to-slf4j\2.17.2\log4j-to-slf4j-2.17.2.jar;C:\Users\Builder\.m2\repository\org\apache\logging\log4j\log4j-api\2.17.2\log4j-api-2.17.2.jar;C:\Users\Builder\.m2\repository\org\slf4j\jul-to-slf4j\1.7.36\jul-to-slf4j-1.7.36.jar;C:\Users\Builder\.m2\repository\jakarta\annotation\jakarta.annotation-api\1.3.5\jakarta.annotation-api-1.3.5.jar;C:\Users\Builder\.m2\repository\org\yaml\snakeyaml\1.30\snakeyaml-1.30.jar;C:\Users\Builder\.m2\repository\org\thymeleaf\thymeleaf-spring5\3.0.15.RELEASE\thymeleaf-spring5-3.0.15.RELEASE.jar;C:\Users\Builder\.m2\repository\org\thymeleaf\thymeleaf\3.0.15.RELEASE\thymeleaf-3.0.15.RELEASE.jar;C:\Users\Builder\.m2\repository\org\attoparser\attoparser\2.0.5.RELEASE\attoparser-2.0.5.RELEASE.jar;C:\Users\Builder\.m2\repository\org\unbescape\unbescape\1.1.6.RELEASE\unbescape-1.1.6.RELEASE.jar;C:\Users\Builder\.m2\repository\org\slf4j\slf4j-api\1.7.36\slf4j-api-1.7.36.jar;C:\Users\Builder\.m2\repository\org\thymeleaf\extras\thymeleaf-extras-java8time\3.0.4.RELEASE\thymeleaf-extras-java8time-3.0.4.RELEASE.jar;C:\Users\Builder\.m2\repository\org\springframework\boot\spring-boot-starter-web\2.7.5\spring-boot-starter-web-2.7.5.jar;C:\Users\Builder\.m2\repository\org\springframework\boot\spring-boot-starter-json\2.7.5\spring-boot-starter-json-2.7.5.jar;C:\Users
Launcher Type: SUN_STANDARD

[Global flags]
     intx CICompilerCount                          = 3                                         {product} {ergonomic}
     uint ConcGCThreads                            = 1                                         {product} {ergonomic}
     uint G1ConcRefinementThreads                  = 4                                         {product} {ergonomic}
   size_t G1HeapRegionSize                         = 2097152                                   {product} {ergonomic}
    uintx GCDrainStackTargetSize                   = 64                                        {product} {ergonomic}
   size_t InitialHeapSize                          = 199229440                                 {product} {ergonomic}
     bool ManagementServer                         = true                                      {product} {command line}
   size_t MarkStackSize                            = 4194304                                   {product} {ergonomic}
   size_t MaxHeapSize                              = 3164602368                                {product} {ergonomic}
   size_t MinHeapDeltaBytes                        = 2097152                                   {product} {ergonomic}
   size_t MinHeapSize                              = 8388608                                   {product} {ergonomic}
    uintx NonProfiledCodeHeapSize                  = 0                                      {pd product} {ergonomic}
     bool ProfileInterpreter                       = false                                  {pd product} {command line}
    uintx ProfiledCodeHeapSize                     = 0                                      {pd product} {ergonomic}
   size_t SoftMaxHeapSize                          = 3164602368                             {manageable} {ergonomic}
     intx TieredStopAtLevel                        = 1                                         {product} {command line}
     bool UseCompressedClassPointers               = true                           {product lp64_product} {ergonomic}
     bool UseCompressedOops                        = true                           {product lp64_product} {ergonomic}
     bool UseG1GC                                  = true                                      {product} {ergonomic}
     bool UseLargePagesIndividualAllocation        = false                                  {pd product} {ergonomic}

Logging:
Log output configuration:
 #0: stdout all=warning uptime,level,tags
 #1: stderr all=off uptime,level,tags

Environment Variables:
JAVA_HOME=C:\Program Files\Java\jdk-17.0.4.1
PATH=C:\Program Files\Common Files\Oracle\Java\javapath;C:\Program Files (x86)\Common Files\Oracle\Java\javapath;C:\ProgramData\Oracle\Java\javapath;C:\WINDOWS\system32;C:\WINDOWS;C:\WINDOWS\System32\Wbem;C:\WINDOWS\System32\WindowsPowerShell\v1.0\;C:\WINDOWS\System32\OpenSSH\;C:\Program Files\PuTTY\;C:\Program Files (x86)\AOMEI Backupper;C:\Program Files\dotnet\;C:\Program Files\Microsoft SQL Server\130\Tools\Binn\;C:\Program Files\Microsoft SQL Server\Client SDK\ODBC\170\Tools\Binn\;C:\Program Files\Microsoft SQL Server\Client SDK\ODBC\130\Tools\Binn\;C:\Program Files (x86)\Microsoft SQL Server\140\Tools\Binn\;C:\Program Files\Microsoft SQL Server\140\Tools\Binn\;C:\Program Files\Microsoft SQL Server\140\DTS\Binn\;C:\Program Files (x86)\Microsoft SQL Server\Client SDK\ODBC\130\Tools\Binn\;C:\Program Files (x86)\Microsoft SQL Server\140\DTS\Binn\;C:\Program Files (x86)\Microsoft SQL Server\140\Tools\Binn\ManagementStudio\;C:\Program Files (x86)\dotnet\;C:\Program Files (x86)\Microsoft SQL Server\150\DTS\Binn\;C:\Program Files\Azure Data Studio\bin;C:\Program Files\Git\cmd;D:\Profile\Documents\apache-maven-3.8.6\bin;C:\Program Files\nodejs\;C:\Users\Builder\AppData\Local\Microsoft\WindowsApps;C:\Program Files\Azure Data Studio\bin;C:\Users\Builder\AppData\Local\Programs\Microsoft VS Code\bin;C:\Users\Builder\.dotnet\tools;D:\Profile\Documents\apache-maven-3.8.6\bin;C:\Users\Builder\AppData\Roaming\npm
USERNAME=Builder
OS=Windows_NT
PROCESSOR_IDENTIFIER=Intel64 Family 6 Model 58 Stepping 9, GenuineIntel



---------------  S Y S T E M  ---------------

OS:
 Windows 10 , 64 bit Build 19041 (10.0.19041.1)
OS uptime: 1 days 11:19 hours

CPU: total 4 (initial active 4) (2 cores per cpu, 2 threads per core) family 6 model 58 stepping 9 microcode 0x21, cx8, cmov, fxsr, ht, mmx, sse, sse2, sse3, ssse3, sse4.1, sse4.2, popcnt, tsc, tscinvbit, avx, aes, erms, clmul, vzeroupper, clflush

Memory: 4k page, system-wide physical 12069M (2826M free)
TotalPageFile size 14269M (AvailPageFile size 170M)
current process WorkingSet (physical memory assigned to process): 10M, peak: 10M
current process commit charge ("private bytes"): 46M, peak: 236M

vm_info: Java HotSpot(TM) 64-Bit Server VM (17.0.4.1+1-LTS-2) for windows-amd64 JRE (17.0.4.1+1-LTS-2), built on Aug 16 2022 18:32:06 by "mach5one" with MS VC++ 16.8 / 16.9 (VS2019)

END.
